<?xml version="1.0" encoding="UTF-8"?>
<!-- Generated by org.testng.reporters.JUnitReportReporter -->
<testsuite hostname="task" failures="0" tests="2" name="com.example.App" time="10.434" errors="0" timestamp="2025-07-26T17:13:19 BST" skipped="0">
  <testcase classname="com.example.App" name="testApp" time="5.209"/>
  <testcase classname="com.example.App" name="testApp1" time="5.225"/>
</testsuite> <!-- com.example.App -->
