<?xml version="1.0" encoding="UTF-8"?>
<!-- Generated by org.testng.reporters.JUnitReportReporter -->
<testsuite hostname="task" failures="0" tests="1" name="com.example.App" time="21.214" errors="0" timestamp="2025-07-26T20:23:39 BST" skipped="0">
  <testcase classname="com.example.App" name="testApp2" time="21.214"/>
</testsuite> <!-- com.example.App -->
