<?xml version="1.0" encoding="UTF-8"?>
<!-- Generated by org.testng.reporters.JUnitReportReporter -->
<testsuite hostname="task" failures="0" tests="1" name="com.example.App" time="22.703" errors="0" timestamp="2025-07-26T22:13:36 BST" skipped="0">
  <testcase classname="com.example.App" name="loginPaddyPower" time="22.703"/>
</testsuite> <!-- com.example.App -->
